<?xml version="1.0" encoding="UTF-8"?>
<testsuite name="basic_demo.SimpleTest" tests="1" skipped="0" failures="0" errors="0" timestamp="2025-10-08T18:03:07" hostname="MacBook-Air-de-Mario.local" time="0.004">
  <properties/>
  <testcase name="simpleTest()" classname="basic_demo.SimpleTest" time="0.004"/>
  <system-out><![CDATA[]]></system-out>
  <system-err><![CDATA[]]></system-err>
</testsuite>
